Using pre-set license
Built from '2020.2/staging' branch; Version is '2020.2.5f1 (e2c53f129de5) revision 14861631'; Using compiler version '192528614'; Build Type 'Release'
OS: 'Windows 10 Enterprise; OS build 19042.804; Version 2009; 64bit' Language: 'en' Physical Memory: 3869 MB
BatchMode: 1, IsHumanControllingUs: 0, StartBugReporterOnCrash: 0, Is64bit: 1, IsPro: 0

 COMMAND LINE ARGUMENTS:
D:\Unity\Editor\Unity.exe
-adb2
-batchMode
-noUpm
-name
AssetImportWorker0
-projectPath
D:/Unity project/Soccer
-logFile
Logs/AssetImportWorker0.log
-srvPort
1845
Successfully changed project path to: D:/Unity project/Soccer
D:/Unity project/Soccer
Using Asset Import Pipeline V2.
Refreshing native plugins compatible for Editor in 67.94 ms, found 0 plugins.
Preloading 0 native plugins for Editor in 0.00 ms.
Initialize engine version: 2020.2.5f1 (e2c53f129de5)
[Subsystems] Discovering subsystems at path D:/Unity/Editor/Data/Resources/UnitySubsystems
[Subsystems] Discovering subsystems at path D:/Unity project/Soccer/Assets
GfxDevice: creating device client; threaded=0
Direct3D:
    Version:  Direct3D 11.0 [level 11.1]
    Renderer: Intel(R) HD Graphics 620 (ID=0x5916)
    Vendor:   
    VRAM:     1934 MB
    Driver:   23.20.16.4973
Initialize mono
Mono path[0] = 'D:/Unity/Editor/Data/Managed'
Mono path[1] = 'D:/Unity/Editor/Data/MonoBleedingEdge/lib/mono/unityjit'
Mono config path = 'D:/Unity/Editor/Data/MonoBleedingEdge/etc'
Using monoOptions --debugger-agent=transport=dt_socket,embedding=1,server=y,suspend=n,address=127.0.0.1:56284
Begin MonoManager ReloadAssembly
Registering precompiled unity dll's ...
Register platform support module: D:/Unity/Editor/Data/PlaybackEngines/WindowsStandaloneSupport/UnityEditor.WindowsStandalone.Extensions.dll
Registered in 0.027380 seconds.
Native extension for WindowsStandalone target not found
Refreshing native plugins compatible for Editor in 38.45 ms, found 0 plugins.
Preloading 0 native plugins for Editor in 0.00 ms.
Invoked RoslynAnalysisRunner static constructor.
RoslynAnalysisRunner will not be running.
RoslynAnalysisRunner has terminated.
Mono: successfully reloaded assembly
- Completed reload, in  8.467 seconds
Platform modules already initialized, skipping
Registering precompiled user dll's ...
Registered in 0.018945 seconds.
Begin MonoManager ReloadAssembly
Native extension for WindowsStandalone target not found
Refreshing native plugins compatible for Editor in 0.34 ms, found 0 plugins.
Preloading 0 native plugins for Editor in 0.00 ms.
Invoked RoslynAnalysisRunner static constructor.
RoslynAnalysisRunner will not be running.
RoslynAnalysisRunner has terminated.
Mono: successfully reloaded assembly
- Completed reload, in  1.811 seconds
Platform modules already initialized, skipping
========================================================================
Worker process is ready to serve import requests
Launched and connected shader compiler UnityShaderCompiler.exe after 0.27 seconds
Refreshing native plugins compatible for Editor in 0.25 ms, found 0 plugins.
Preloading 0 native plugins for Editor in 0.00 ms.
Unloading 1103 Unused Serialized files (Serialized files now loaded: 0)
System memory in use before: 56.7 MB.
System memory in use after: 56.7 MB.

Unloading 10 unused Assets to reduce memory usage. Loaded Objects now: 1544.
Total: 2.407700 ms (FindLiveObjects: 0.150600 ms CreateObjectMapping: 0.045900 ms MarkObjects: 2.101200 ms  DeleteObjects: 0.108100 ms)

========================================================================
Received Import Request.
  path: Assets
  artifactKey: Guid(00000000000000001000000000000000) Importer(815301076,1909f56bfc062723c751e8b465ee728b)
Start importing Assets using Guid(00000000000000001000000000000000) Importer(815301076,1909f56bfc062723c751e8b465ee728b)  -> (artifact id: '29f2a2471e7245fbc0aa931fa5cf45b7') in 0.022936 seconds
  Import took 0.042998 seconds .

========================================================================
Received Import Request.
  Time since last request: 0.000565 seconds.
  path: Assets/Scripts
  artifactKey: Guid(aa989bd67333d4b45b78f8b28bd4ab94) Importer(815301076,1909f56bfc062723c751e8b465ee728b)
Start importing Assets/Scripts using Guid(aa989bd67333d4b45b78f8b28bd4ab94) Importer(815301076,1909f56bfc062723c751e8b465ee728b)  -> (artifact id: 'c7f26b8fc767dd4968560da698ffeaca') in 0.019245 seconds
  Import took 0.033958 seconds .

========================================================================
Received Import Request.
  Time since last request: 8.591809 seconds.
  path: Assets/Prefabs
  artifactKey: Guid(d9d54c690fb8ef444918480aaae35b3c) Importer(815301076,1909f56bfc062723c751e8b465ee728b)
Start importing Assets/Prefabs using Guid(d9d54c690fb8ef444918480aaae35b3c) Importer(815301076,1909f56bfc062723c751e8b465ee728b)  -> (artifact id: 'a965b75bc9d40d58cb86804b248ea646') in 0.021429 seconds
  Import took 0.037829 seconds .

========================================================================
Received Import Request.
  Time since last request: 21.388291 seconds.
  path: Assets/Materials
  artifactKey: Guid(7ab2c9c60414a8946a5bdd0181e54280) Importer(815301076,1909f56bfc062723c751e8b465ee728b)
Start importing Assets/Materials using Guid(7ab2c9c60414a8946a5bdd0181e54280) Importer(815301076,1909f56bfc062723c751e8b465ee728b)  -> (artifact id: '5aa59a072e2fa161179107725543b599') in 0.018488 seconds
  Import took 0.033002 seconds .

========================================================================
Received Import Request.
  Time since last request: 319.204165 seconds.
  path: Assets/Materials/fieldtexture.png
  artifactKey: Guid(0408e6372f58c954ba77cf48b5409b70) Importer(815301076,1909f56bfc062723c751e8b465ee728b)
Start importing Assets/Materials/fieldtexture.png using Guid(0408e6372f58c954ba77cf48b5409b70) Importer(815301076,1909f56bfc062723c751e8b465ee728b)  -> (artifact id: '01cbc565dd50ce9712a984ab041fe57d') in 0.469840 seconds
  Import took 0.492794 seconds .

========================================================================
Received Import Request.
  Time since last request: 0.000362 seconds.
  path: Assets/Materials/IS098U5QB.jpg
  artifactKey: Guid(9cfce98973eae3f41a3d62da3fbe06fd) Importer(815301076,1909f56bfc062723c751e8b465ee728b)
Start importing Assets/Materials/IS098U5QB.jpg using Guid(9cfce98973eae3f41a3d62da3fbe06fd) Importer(815301076,1909f56bfc062723c751e8b465ee728b)  -> (artifact id: '542f7cd0b885be39b6bceb5aa198982b') in 0.025178 seconds
  Import took 0.043816 seconds .

========================================================================
Received Import Request.
  Time since last request: 0.017419 seconds.
  path: Assets/Materials/IS098U5QB.jpg
  artifactKey: Guid(9cfce98973eae3f41a3d62da3fbe06fd) Importer(815301076,1909f56bfc062723c751e8b465ee728b)
Start importing Assets/Materials/IS098U5QB.jpg using Guid(9cfce98973eae3f41a3d62da3fbe06fd) Importer(815301076,1909f56bfc062723c751e8b465ee728b)  -> (artifact id: '542f7cd0b885be39b6bceb5aa198982b') in 0.009144 seconds
  Import took 0.013138 seconds .

========================================================================
Received Import Request.
  Time since last request: 1032.490383 seconds.
  path: Assets/Models
  artifactKey: Guid(5930aa5c7af85fc4aa3e84c7795f9d76) Importer(815301076,1909f56bfc062723c751e8b465ee728b)
Start importing Assets/Models using Guid(5930aa5c7af85fc4aa3e84c7795f9d76) Importer(815301076,1909f56bfc062723c751e8b465ee728b)  -> (artifact id: '6fae354133bbf3ad3ca89b23bca40d72') in 0.035753 seconds
  Import took 0.054213 seconds .

========================================================================
Received Import Request.
  Time since last request: 56.500778 seconds.
  path: Assets/Models/Ball FBX.fbx
  artifactKey: Guid(d210024518891304f80f49d7316e8768) Importer(815301076,1909f56bfc062723c751e8b465ee728b)
Start importing Assets/Models/Ball FBX.fbx using Guid(d210024518891304f80f49d7316e8768) Importer(815301076,1909f56bfc062723c751e8b465ee728b)  -> (artifact id: 'aaa8548998c36cd05e1d8a0de9ea6766') in 0.526773 seconds
  Import took 0.530009 seconds .

========================================================================
Received Import Request.
  Time since last request: 113.306721 seconds.
  path: Assets/Models/Ball FBX.fbx
  artifactKey: Guid(d210024518891304f80f49d7316e8768) Importer(815301076,1909f56bfc062723c751e8b465ee728b)
Start importing Assets/Models/Ball FBX.fbx using Guid(d210024518891304f80f49d7316e8768) Importer(815301076,1909f56bfc062723c751e8b465ee728b)  -> (artifact id: '011798075cd1c8fbd8b739f06497d7d6') in 0.093801 seconds
  Import took 0.098308 seconds .

========================================================================
Received Import Request.
  Time since last request: 642.368275 seconds.
  path: Assets/Materials/Materials
  artifactKey: Guid(5d73d055693109545bed1a44c1cbda19) Importer(815301076,1909f56bfc062723c751e8b465ee728b)
Start importing Assets/Materials/Materials using Guid(5d73d055693109545bed1a44c1cbda19) Importer(815301076,1909f56bfc062723c751e8b465ee728b)  -> (artifact id: 'c3b7d41b41ca865b93e0ee775da42cf6') in 0.005672 seconds
  Import took 0.095881 seconds .

========================================================================
Received Import Request.
  Time since last request: 0.017178 seconds.
  path: Assets/Materials/Materials/fieldtexture.mat
  artifactKey: Guid(52551c8b9c71cbd4caaab794251c6864) Importer(815301076,1909f56bfc062723c751e8b465ee728b)
Start importing Assets/Materials/Materials/fieldtexture.mat using Guid(52551c8b9c71cbd4caaab794251c6864) Importer(815301076,1909f56bfc062723c751e8b465ee728b)  -> (artifact id: 'da602774b8a43544cc9a6530da4fffe2') in 0.072679 seconds
  Import took 0.076799 seconds .

========================================================================
Received Import Request.
  Time since last request: 25.356574 seconds.
  path: Assets/Materials/New Physic Material.physicMaterial
  artifactKey: Guid(29f0c95d5f3a4bd468e708bdf3ab239b) Importer(815301076,1909f56bfc062723c751e8b465ee728b)
Start importing Assets/Materials/New Physic Material.physicMaterial using Guid(29f0c95d5f3a4bd468e708bdf3ab239b) Importer(815301076,1909f56bfc062723c751e8b465ee728b)  -> (artifact id: '275639dd1187d10e0597f334682009e8') in 0.043935 seconds
  Import took 0.058613 seconds .

========================================================================
Received Import Request.
  Time since last request: 9.110852 seconds.
  path: Assets/Materials/Bounce.physicMaterial
  artifactKey: Guid(29f0c95d5f3a4bd468e708bdf3ab239b) Importer(815301076,1909f56bfc062723c751e8b465ee728b)
Start importing Assets/Materials/Bounce.physicMaterial using Guid(29f0c95d5f3a4bd468e708bdf3ab239b) Importer(815301076,1909f56bfc062723c751e8b465ee728b)  -> (artifact id: '505808f38b13d9e335e1ab646efee60a') in 0.058735 seconds
  Import took 0.071036 seconds .

========================================================================
Received Prepare
Registering precompiled user dll's ...
Registered in 0.000757 seconds.
Begin MonoManager ReloadAssembly
Native extension for WindowsStandalone target not found
Refreshing native plugins compatible for Editor in 0.25 ms, found 0 plugins.
Preloading 0 native plugins for Editor in 0.00 ms.
Invoked RoslynAnalysisRunner static constructor.
RoslynAnalysisRunner will not be running.
RoslynAnalysisRunner has terminated.
Mono: successfully reloaded assembly
- Completed reload, in  1.493 seconds
Platform modules already initialized, skipping
Refreshing native plugins compatible for Editor in 0.27 ms, found 0 plugins.
Preloading 0 native plugins for Editor in 0.00 ms.
Unloading 1098 Unused Serialized files (Serialized files now loaded: 0)
System memory in use before: 60.3 MB.
System memory in use after: 60.3 MB.

Unloading 5 unused Assets to reduce memory usage. Loaded Objects now: 1592.
Total: 6.152400 ms (FindLiveObjects: 0.251700 ms CreateObjectMapping: 0.161800 ms MarkObjects: 5.604200 ms  DeleteObjects: 0.131300 ms)

========================================================================
Received Import Request.
  Time since last request: 172.796174 seconds.
  path: Assets/Prefabs/Ball FBX Variant.prefab
  artifactKey: Guid(b8e7b2297fd6ced41817e244df3e6ff3) Importer(815301076,1909f56bfc062723c751e8b465ee728b)
Start importing Assets/Prefabs/Ball FBX Variant.prefab using Guid(b8e7b2297fd6ced41817e244df3e6ff3) Importer(815301076,1909f56bfc062723c751e8b465ee728b)  -> (artifact id: 'befb7fb1b0ab3d22686f6926057b62b2') in 0.201421 seconds
  Import took 0.220079 seconds .

========================================================================
Received Import Request.
  Time since last request: 9.829834 seconds.
  path: Assets/Prefabs/Ball FBX.prefab
  artifactKey: Guid(8f81b990f2a367c4ab86cdf3ea8bcb39) Importer(815301076,1909f56bfc062723c751e8b465ee728b)
Start importing Assets/Prefabs/Ball FBX.prefab using Guid(8f81b990f2a367c4ab86cdf3ea8bcb39) Importer(815301076,1909f56bfc062723c751e8b465ee728b)  -> (artifact id: '071f09ac1d1cd2ffbf8729b7fcb08c58') in 0.026298 seconds
  Import took 0.051356 seconds .

========================================================================
Received Import Request.
  Time since last request: 13.474786 seconds.
  path: Assets/Scenes/Ball FBX.prefab
  artifactKey: Guid(f9f50a51561837d47864842a39b6e8c2) Importer(815301076,1909f56bfc062723c751e8b465ee728b)
Start importing Assets/Scenes/Ball FBX.prefab using Guid(f9f50a51561837d47864842a39b6e8c2) Importer(815301076,1909f56bfc062723c751e8b465ee728b)  -> (artifact id: '9fa591fa834653dc1a4cb91deddd4751') in 0.017529 seconds
  Import took 0.038969 seconds .

========================================================================
Received Import Request.
  Time since last request: 31.192551 seconds.
  path: Assets/Prefabs/Ball FBX.prefab
  artifactKey: Guid(8f81b990f2a367c4ab86cdf3ea8bcb39) Importer(815301076,1909f56bfc062723c751e8b465ee728b)
Start importing Assets/Prefabs/Ball FBX.prefab using Guid(8f81b990f2a367c4ab86cdf3ea8bcb39) Importer(815301076,1909f56bfc062723c751e8b465ee728b)  -> (artifact id: 'c353f3f44ec9ded5bfa98b13aea61028') in 0.038418 seconds
  Import took 0.042445 seconds .

========================================================================
Received Prepare
Registering precompiled user dll's ...
Registered in 0.014962 seconds.
Begin MonoManager ReloadAssembly
Native extension for WindowsStandalone target not found
Refreshing native plugins compatible for Editor in 0.26 ms, found 0 plugins.
Preloading 0 native plugins for Editor in 0.00 ms.
Invoked RoslynAnalysisRunner static constructor.
RoslynAnalysisRunner will not be running.
RoslynAnalysisRunner has terminated.
Mono: successfully reloaded assembly
- Completed reload, in  1.930 seconds
Platform modules already initialized, skipping
Refreshing native plugins compatible for Editor in 0.24 ms, found 0 plugins.
Preloading 0 native plugins for Editor in 0.00 ms.
Unloading 1098 Unused Serialized files (Serialized files now loaded: 0)
System memory in use before: 60.3 MB.
System memory in use after: 60.4 MB.

Unloading 5 unused Assets to reduce memory usage. Loaded Objects now: 1595.
Total: 2.545800 ms (FindLiveObjects: 0.224200 ms CreateObjectMapping: 0.058800 ms MarkObjects: 2.145400 ms  DeleteObjects: 0.115300 ms)

========================================================================
Received Prepare
Registering precompiled user dll's ...
Registered in 0.000946 seconds.
Begin MonoManager ReloadAssembly
Native extension for WindowsStandalone target not found
Refreshing native plugins compatible for Editor in 1.14 ms, found 0 plugins.
Preloading 0 native plugins for Editor in 0.00 ms.
Invoked RoslynAnalysisRunner static constructor.
RoslynAnalysisRunner will not be running.
RoslynAnalysisRunner has terminated.
Mono: successfully reloaded assembly
- Completed reload, in  1.334 seconds
Platform modules already initialized, skipping
Refreshing native plugins compatible for Editor in 0.37 ms, found 0 plugins.
Preloading 0 native plugins for Editor in 0.00 ms.
Unloading 1098 Unused Serialized files (Serialized files now loaded: 0)
System memory in use before: 60.4 MB.
System memory in use after: 60.4 MB.

Unloading 5 unused Assets to reduce memory usage. Loaded Objects now: 1597.
Total: 3.122600 ms (FindLiveObjects: 0.356200 ms CreateObjectMapping: 0.078600 ms MarkObjects: 2.552600 ms  DeleteObjects: 0.132800 ms)

========================================================================
Received Prepare
Registering precompiled user dll's ...
Registered in 0.000869 seconds.
Begin MonoManager ReloadAssembly
Native extension for WindowsStandalone target not found
Refreshing native plugins compatible for Editor in 0.26 ms, found 0 plugins.
Preloading 0 native plugins for Editor in 0.00 ms.
Invoked RoslynAnalysisRunner static constructor.
RoslynAnalysisRunner will not be running.
RoslynAnalysisRunner has terminated.
Mono: successfully reloaded assembly
- Completed reload, in  1.576 seconds
Platform modules already initialized, skipping
Refreshing native plugins compatible for Editor in 0.45 ms, found 0 plugins.
Preloading 0 native plugins for Editor in 0.00 ms.
Unloading 1099 Unused Serialized files (Serialized files now loaded: 0)
System memory in use before: 60.4 MB.
System memory in use after: 60.5 MB.

Unloading 5 unused Assets to reduce memory usage. Loaded Objects now: 1600.
Total: 5.323800 ms (FindLiveObjects: 0.239800 ms CreateObjectMapping: 0.055200 ms MarkObjects: 4.925800 ms  DeleteObjects: 0.100200 ms)

========================================================================
Received Prepare
Registering precompiled user dll's ...
Registered in 0.000845 seconds.
Begin MonoManager ReloadAssembly
Native extension for WindowsStandalone target not found
Refreshing native plugins compatible for Editor in 1.19 ms, found 0 plugins.
Preloading 0 native plugins for Editor in 0.00 ms.
Invoked RoslynAnalysisRunner static constructor.
RoslynAnalysisRunner will not be running.
RoslynAnalysisRunner has terminated.
Mono: successfully reloaded assembly
- Completed reload, in  1.626 seconds
Platform modules already initialized, skipping
Refreshing native plugins compatible for Editor in 1.96 ms, found 0 plugins.
Preloading 0 native plugins for Editor in 0.00 ms.
Unloading 1099 Unused Serialized files (Serialized files now loaded: 0)
System memory in use before: 60.4 MB.
System memory in use after: 60.5 MB.

Unloading 5 unused Assets to reduce memory usage. Loaded Objects now: 1602.
Total: 15.441000 ms (FindLiveObjects: 1.693800 ms CreateObjectMapping: 2.794000 ms MarkObjects: 10.855800 ms  DeleteObjects: 0.093200 ms)

========================================================================
Received Prepare
Registering precompiled user dll's ...
Registered in 0.000760 seconds.
Begin MonoManager ReloadAssembly
Native extension for WindowsStandalone target not found
Refreshing native plugins compatible for Editor in 1.43 ms, found 0 plugins.
Preloading 0 native plugins for Editor in 0.00 ms.
Invoked RoslynAnalysisRunner static constructor.
RoslynAnalysisRunner will not be running.
RoslynAnalysisRunner has terminated.
Mono: successfully reloaded assembly
- Completed reload, in  1.488 seconds
Platform modules already initialized, skipping
Refreshing native plugins compatible for Editor in 0.45 ms, found 0 plugins.
Preloading 0 native plugins for Editor in 0.00 ms.
Unloading 1099 Unused Serialized files (Serialized files now loaded: 0)
System memory in use before: 60.4 MB.
System memory in use after: 60.5 MB.

Unloading 5 unused Assets to reduce memory usage. Loaded Objects now: 1604.
Total: 2.870800 ms (FindLiveObjects: 0.357300 ms CreateObjectMapping: 0.129600 ms MarkObjects: 2.162600 ms  DeleteObjects: 0.184100 ms)

========================================================================
Received Prepare
Registering precompiled user dll's ...
Registered in 0.001163 seconds.
Begin MonoManager ReloadAssembly
Native extension for WindowsStandalone target not found
Refreshing native plugins compatible for Editor in 0.27 ms, found 0 plugins.
Preloading 0 native plugins for Editor in 0.00 ms.
Invoked RoslynAnalysisRunner static constructor.
RoslynAnalysisRunner will not be running.
RoslynAnalysisRunner has terminated.
Mono: successfully reloaded assembly
- Completed reload, in  1.578 seconds
Platform modules already initialized, skipping
Switching build target platform(5) subTarget(0) extendedPlatform(0) -> platform(13) subTarget(537395200) extendedPlatform(0)
Refreshing native plugins compatible for Editor in 0.33 ms, found 0 plugins.
Preloading 0 native plugins for Editor in 0.00 ms.
Unloading 1103 Unused Serialized files (Serialized files now loaded: 0)
System memory in use before: 60.4 MB.
System memory in use after: 60.5 MB.

Unloading 5 unused Assets to reduce memory usage. Loaded Objects now: 1606.
Total: 5.139700 ms (FindLiveObjects: 0.333700 ms CreateObjectMapping: 0.093700 ms MarkObjects: 4.630500 ms  DeleteObjects: 0.078900 ms)

AssetImportParameters requested are different than current active one (requested -> active):
  custom:graphics/normal-map-encoding: 01000000000000000000000000000000 -> 02000000000000000000000000000000
========================================================================
Received Prepare
Refreshing native plugins compatible for Editor in 24.15 ms, found 0 plugins.
Preloading 0 native plugins for Editor in 0.00 ms.
Unloading 3 Unused Serialized files (Serialized files now loaded: 0)
System memory in use before: 38.6 MB.
System memory in use after: 38.7 MB.

Unloading 3 unused Assets to reduce memory usage. Loaded Objects now: 1606.
Total: 3.523800 ms (FindLiveObjects: 0.283500 ms CreateObjectMapping: 0.174000 ms MarkObjects: 2.990800 ms  DeleteObjects: 0.072600 ms)

AssetImportWorkerClient::OnTransportError - code=2 error=End of file
